# JRE version: OpenJDK Runtime Environment (8.0_152-b01) (build 1.8.0_152-release-1343-b01)
# Java VM: OpenJDK 64-Bit Server VM (25.152-b01 mixed mode windows-amd64 compressed oops)
Heap:
 PSYoungGen      total 141312K, used 90115K [0x00000000e0000000, 0x00000000ea000000, 0x0000000100000000)
  eden space 130048K, 69% used [0x00000000e0000000,0x00000000e5800e88,0x00000000e7f00000)
  from space 11264K, 0% used [0x00000000e7f00000,0x00000000e7f00000,0x00000000e8a00000)
  to   space 13312K, 0% used [0x00000000e9300000,0x00000000e9300000,0x00000000ea000000)
 ParOldGen       total 104448K, used 19322K [0x00000000a0000000, 0x00000000a6600000, 0x00000000e0000000)
  object space 104448K, 18% used [0x00000000a0000000,0x00000000a12dea38,0x00000000a6600000)
 Metaspace       used 36375K, capacity 37276K, committed 37504K, reserved 1081344K
  class space    used 4905K, capacity 5142K, committed 5248K, reserved 1048576K
GC Heap History (10 events):
Event: 4.600 GC heap before
{Heap before GC invocations=5 (full 0):
 PSYoungGen      total 71680K, used 46168K [0x00000000e0000000, 0x00000000e4b00000, 0x0000000100000000)
  eden space 66560K, 61% used [0x00000000e0000000,0x00000000e281a308,0x00000000e4100000)
  from space 5120K, 99% used [0x00000000e4600000,0x00000000e4afc050,0x00000000e4b00000)
  to   space 5120K, 0% used [0x00000000e4100000,0x00000000e4100000,0x00000000e4600000)
 ParOldGen       total 87552K, used 5197K [0x00000000a0000000, 0x00000000a5580000, 0x00000000e0000000)
  object space 87552K, 5% used [0x00000000a0000000,0x00000000a05134c8,0x00000000a5580000)
 Metaspace       used 20659K, capacity 21140K, committed 21296K, reserved 1067008K
  class space    used 2906K, capacity 3093K, committed 3200K, reserved 1048576K
Event: 4.635 GC heap after
Heap after GC invocations=5 (full 0):
 PSYoungGen      total 71680K, used 5108K [0x00000000e0000000, 0x00000000e9900000, 0x0000000100000000)
  eden space 66560K, 0% used [0x00000000e0000000,0x00000000e0000000,0x00000000e4100000)
  from space 5120K, 99% used [0x00000000e4100000,0x00000000e45fd040,0x00000000e4600000)
  to   space 11776K, 0% used [0x00000000e8d80000,0x00000000e8d80000,0x00000000e9900000)
 ParOldGen       total 87552K, used 10281K [0x00000000a0000000, 0x00000000a5580000, 0x00000000e0000000)
  object space 87552K, 11% used [0x00000000a0000000,0x00000000a0a0a638,0x00000000a5580000)
 Metaspace       used 20659K, capacity 21140K, committed 21296K, reserved 1067008K
  class space    used 2906K, capacity 3093K, committed 3200K, reserved 1048576K
}
Event: 4.635 GC heap before
{Heap before GC invocations=6 (full 1):
 PSYoungGen      total 71680K, used 5108K [0x00000000e0000000, 0x00000000e9900000, 0x0000000100000000)
  eden space 66560K, 0% used [0x00000000e0000000,0x00000000e0000000,0x00000000e4100000)
  from space 5120K, 99% used [0x00000000e4100000,0x00000000e45fd040,0x00000000e4600000)
  to   space 11776K, 0% used [0x00000000e8d80000,0x00000000e8d80000,0x00000000e9900000)
 ParOldGen       total 87552K, used 10281K [0x00000000a0000000, 0x00000000a5580000, 0x00000000e0000000)
  object space 87552K, 11% used [0x00000000a0000000,0x00000000a0a0a638,0x00000000a5580000)
 Metaspace       used 20659K, capacity 21140K, committed 21296K, reserved 1067008K
  class space    used 2906K, capacity 3093K, committed 3200K, reserved 1048576K
Event: 4.807 GC heap after
Heap after GC invocations=6 (full 1):
 PSYoungGen      total 71680K, used 0K [0x00000000e0000000, 0x00000000e9900000, 0x0000000100000000)
  eden space 66560K, 0% used [0x00000000e0000000,0x00000000e0000000,0x00000000e4100000)
  from space 5120K, 0% used [0x00000000e4100000,0x00000000e4100000,0x00000000e4600000)
  to   space 11776K, 0% used [0x00000000e8d80000,0x00000000e8d80000,0x00000000e9900000)
 ParOldGen       total 66560K, used 10357K [0x00000000a0000000, 0x00000000a4100000, 0x00000000e0000000)
  object space 66560K, 15% used [0x00000000a0000000,0x00000000a0a1d5a8,0x00000000a4100000)
 Metaspace       used 20659K, capacity 21140K, committed 21296K, reserved 1067008K
  class space    used 2906K, capacity 3093K, committed 3200K, reserved 1048576K
}
Event: 6.376 GC heap before
{Heap before GC invocations=7 (full 1):
 PSYoungGen      total 71680K, used 66560K [0x00000000e0000000, 0x00000000e9900000, 0x0000000100000000)
  eden space 66560K, 100% used [0x00000000e0000000,0x00000000e4100000,0x00000000e4100000)
  from space 5120K, 0% used [0x00000000e4100000,0x00000000e4100000,0x00000000e4600000)
  to   space 11776K, 0% used [0x00000000e8d80000,0x00000000e8d80000,0x00000000e9900000)
 ParOldGen       total 66560K, used 10357K [0x00000000a0000000, 0x00000000a4100000, 0x00000000e0000000)
  object space 66560K, 15% used [0x00000000a0000000,0x00000000a0a1d5a8,0x00000000a4100000)
 Metaspace       used 27985K, capacity 28416K, committed 28672K, reserved 1073152K
  class space    used 3813K, capacity 3998K, committed 4096K, reserved 1048576K
Event: 6.399 GC heap after
Heap after GC invocations=7 (full 1):
 PSYoungGen      total 104960K, used 7342K [0x00000000e0000000, 0x00000000e9500000, 0x0000000100000000)
  eden space 97280K, 0% used [0x00000000e0000000,0x00000000e0000000,0x00000000e5f00000)
  from space 7680K, 95% used [0x00000000e8d80000,0x00000000e94ab8d0,0x00000000e9500000)
  to   space 11264K, 0% used [0x00000000e7f00000,0x00000000e7f00000,0x00000000e8a00000)
 ParOldGen       total 66560K, used 10357K [0x00000000a0000000, 0x00000000a4100000, 0x00000000e0000000)
  object space 66560K, 15% used [0x00000000a0000000,0x00000000a0a1d5a8,0x00000000a4100000)
 Metaspace       used 27985K, capacity 28416K, committed 28672K, reserved 1073152K
  class space    used 3813K, capacity 3998K, committed 4096K, reserved 1048576K
}
Event: 9.932 GC heap before
{Heap before GC invocations=8 (full 1):
 PSYoungGen      total 104960K, used 103697K [0x00000000e0000000, 0x00000000e9500000, 0x0000000100000000)
  eden space 97280K, 99% used [0x00000000e0000000,0x00000000e5e18d78,0x00000000e5f00000)
  from space 7680K, 95% used [0x00000000e8d80000,0x00000000e94ab8d0,0x00000000e9500000)
  to   space 11264K, 0% used [0x00000000e7f00000,0x00000000e7f00000,0x00000000e8a00000)
 ParOldGen       total 66560K, used 10357K [0x00000000a0000000, 0x00000000a4100000, 0x00000000e0000000)
  object space 66560K, 15% used [0x00000000a0000000,0x00000000a0a1d5a8,0x00000000a4100000)
 Metaspace       used 34652K, capacity 35398K, committed 35456K, reserved 1079296K
  class space    used 4744K, capacity 4962K, committed 4992K, reserved 1048576K
Event: 9.959 GC heap after
Heap after GC invocations=8 (full 1):
 PSYoungGen      total 141312K, used 11259K [0x00000000e0000000, 0x00000000ea000000, 0x0000000100000000)
  eden space 130048K, 0% used [0x00000000e0000000,0x00000000e0000000,0x00000000e7f00000)
  from space 11264K, 99% used [0x00000000e7f00000,0x00000000e89fed28,0x00000000e8a00000)
  to   space 13312K, 0% used [0x00000000e9300000,0x00000000e9300000,0x00000000ea000000)
 ParOldGen       total 66560K, used 11550K [0x00000000a0000000, 0x00000000a4100000, 0x00000000e0000000)
  object space 66560K, 17% used [0x00000000a0000000,0x00000000a0b479a0,0x00000000a4100000)
 Metaspace       used 34652K, capacity 35398K, committed 35456K, reserved 1079296K
  class space    used 4744K, capacity 4962K, committed 4992K, reserved 1048576K
}
Event: 9.959 GC heap before
{Heap before GC invocations=9 (full 2):
 PSYoungGen      total 141312K, used 11259K [0x00000000e0000000, 0x00000000ea000000, 0x0000000100000000)
  eden space 130048K, 0% used [0x00000000e0000000,0x00000000e0000000,0x00000000e7f00000)
  from space 11264K, 99% used [0x00000000e7f00000,0x00000000e89fed28,0x00000000e8a00000)
  to   space 13312K, 0% used [0x00000000e9300000,0x00000000e9300000,0x00000000ea000000)
 ParOldGen       total 66560K, used 11550K [0x00000000a0000000, 0x00000000a4100000, 0x00000000e0000000)
  object space 66560K, 17% used [0x00000000a0000000,0x00000000a0b479a0,0x00000000a4100000)
 Metaspace       used 34652K, capacity 35398K, committed 35456K, reserved 1079296K
  class space    used 4744K, capacity 4962K, committed 4992K, reserved 1048576K
Event: 10.146 GC heap after
Heap after GC invocations=9 (full 2):
 PSYoungGen      total 141312K, used 0K [0x00000000e0000000, 0x00000000ea000000, 0x0000000100000000)
  eden space 130048K, 0% used [0x00000000e0000000,0x00000000e0000000,0x00000000e7f00000)
  from space 11264K, 0% used [0x00000000e7f00000,0x00000000e7f00000,0x00000000e8a00000)
  to   space 13312K, 0% used [0x00000000e9300000,0x00000000e9300000,0x00000000ea000000)
 ParOldGen       total 104448K, used 19322K [0x00000000a0000000, 0x00000000a6600000, 0x00000000e0000000)
  object space 104448K, 18% used [0x00000000a0000000,0x00000000a12dea38,0x00000000a6600000)
 Metaspace       used 34652K, capacity 35398K, committed 35456K, reserved 1079296K
  class space    used 4744K, capacity 4962K, committed 4992K, reserved 1048576K
}

